<?xml version="1.0" encoding="UTF-8"?>
<!-- Generated by org.testng.reporters.JUnitXMLReporter -->
<testsuite hostname="Sales" name="Create a package using IBM Digital Contracts Demo v. 1 workflow  borrowe with Guarantor and relationship manager:: 01" tests="1" failures="0" timestamp="1 Jan 2019 09:58:30 GMT" time="900.35" errors="0">
  <testcase name="TC_DB_01" time="872.778" classname="com.index.GeneralIndex"/>
</testsuite> <!-- Create a package using IBM Digital Contracts Demo v. 1 workflow  borrowe with Guarantor and relationship manager:: 01 -->
