<?xml version="1.0" encoding="UTF-8"?>
<!-- Generated by org.testng.reporters.JUnitXMLReporter -->
<testsuite hostname="Sales" name="Create a package using IBM Digital Contracts Demo v. 1 workflow  borrowe with Guarantor and relationship manager:: 01" tests="1" failures="0" timestamp="31 Dec 2018 10:07:47 GMT" time="894.63" errors="0">
  <testcase name="TC_DB_01" time="868.561" classname="com.index.GeneralIndex"/>
</testsuite> <!-- Create a package using IBM Digital Contracts Demo v. 1 workflow  borrowe with Guarantor and relationship manager:: 01 -->
